2019-09-03 16:59:46 [scrapy.extensions.telnet] INFO: Telnet Password: 6ef248446d9d00cc
2019-09-03 16:59:46 [scrapy.middleware] INFO: Enabled extensions:
['scrapy.extensions.corestats.CoreStats',
 'scrapy.extensions.telnet.TelnetConsole',
 'scrapy.extensions.memusage.MemoryUsage',
 'scrapy.extensions.logstats.LogStats',
 'ganji.extensions.RedisSpiderSmartIdleClosedExensions']
2019-09-03 16:59:46 [carsupai] INFO: Reading start URLs from redis key 'carsupai' (batch size: 1, encoding: utf-8
2019-09-03 16:59:46 [scrapy.middleware] INFO: Enabled downloader middlewares:
['scrapy.downloadermiddlewares.httpauth.HttpAuthMiddleware',
 'scrapy.downloadermiddlewares.downloadtimeout.DownloadTimeoutMiddleware',
 'scrapy.downloadermiddlewares.defaultheaders.DefaultHeadersMiddleware',
 'scrapy.downloadermiddlewares.retry.RetryMiddleware',
 'scrapy.downloadermiddlewares.redirect.MetaRefreshMiddleware',
 'scrapy.downloadermiddlewares.httpcompression.HttpCompressionMiddleware',
 'scrapy.downloadermiddlewares.redirect.RedirectMiddleware',
 'ganji.rotate_useragent.SeleniumMiddleware',
 'scrapy.downloadermiddlewares.cookies.CookiesMiddleware',
 'ganji.rotate_useragent.ProxyMiddleware',
 'scrapy.downloadermiddlewares.httpproxy.HttpProxyMiddleware',
 'scrapy.downloadermiddlewares.stats.DownloaderStats']
2019-09-03 16:59:46 [scrapy.middleware] INFO: Enabled spider middlewares:
['scrapy.spidermiddlewares.httperror.HttpErrorMiddleware',
 'scrapy.spidermiddlewares.offsite.OffsiteMiddleware',
 'scrapy.spidermiddlewares.referer.RefererMiddleware',
 'scrapy.spidermiddlewares.urllength.UrlLengthMiddleware',
 'scrapy.spidermiddlewares.depth.DepthMiddleware']
2019-09-03 16:59:48 [twisted] CRITICAL: Unhandled error in Deferred:
2019-09-03 16:59:48 [twisted] CRITICAL: 
Traceback (most recent call last):
  File "/Users/cagey/.virtualenvs/zt_scrapy/lib/python3.6/site-packages/twisted/internet/defer.py", line 1418, in _inlineCallbacks
    result = g.send(result)
  File "/Users/cagey/.virtualenvs/zt_scrapy/lib/python3.6/site-packages/scrapy/crawler.py", line 86, in crawl
    self.engine = self._create_engine()
  File "/Users/cagey/.virtualenvs/zt_scrapy/lib/python3.6/site-packages/scrapy/crawler.py", line 111, in _create_engine
    return ExecutionEngine(self, lambda _: self.stop())
  File "/Users/cagey/.virtualenvs/zt_scrapy/lib/python3.6/site-packages/scrapy/core/engine.py", line 70, in __init__
    self.scraper = Scraper(crawler)
  File "/Users/cagey/.virtualenvs/zt_scrapy/lib/python3.6/site-packages/scrapy/core/scraper.py", line 71, in __init__
    self.itemproc = itemproc_cls.from_crawler(crawler)
  File "/Users/cagey/.virtualenvs/zt_scrapy/lib/python3.6/site-packages/scrapy/middleware.py", line 53, in from_crawler
    return cls.from_settings(crawler.settings, crawler)
  File "/Users/cagey/.virtualenvs/zt_scrapy/lib/python3.6/site-packages/scrapy/middleware.py", line 35, in from_settings
    mw = create_instance(mwcls, settings, crawler)
  File "/Users/cagey/.virtualenvs/zt_scrapy/lib/python3.6/site-packages/scrapy/utils/misc.py", line 146, in create_instance
    return objcls(*args, **kwargs)
  File "/Users/cagey/PycharmProjects/zt_scrapy/projects/usedcar_distributed/ganji/pipelines.py", line 38, in __init__
    num = (int(settings['CrawlCar_Num']) + self.collection.count()) * 1.1
TypeError: int() argument must be a string, a bytes-like object or a number, not 'NoneType'
2019-09-03 17:00:57 [scrapy.extensions.telnet] INFO: Telnet Password: b0d12e914110023c
2019-09-03 17:00:57 [scrapy.middleware] INFO: Enabled extensions:
['scrapy.extensions.corestats.CoreStats',
 'scrapy.extensions.telnet.TelnetConsole',
 'scrapy.extensions.memusage.MemoryUsage',
 'scrapy.extensions.logstats.LogStats',
 'ganji.extensions.RedisSpiderSmartIdleClosedExensions']
2019-09-03 17:00:57 [carsupai] INFO: Reading start URLs from redis key 'carsupai' (batch size: 1, encoding: utf-8
2019-09-03 17:00:57 [scrapy.middleware] INFO: Enabled downloader middlewares:
['scrapy.downloadermiddlewares.httpauth.HttpAuthMiddleware',
 'scrapy.downloadermiddlewares.downloadtimeout.DownloadTimeoutMiddleware',
 'scrapy.downloadermiddlewares.defaultheaders.DefaultHeadersMiddleware',
 'scrapy.downloadermiddlewares.retry.RetryMiddleware',
 'scrapy.downloadermiddlewares.redirect.MetaRefreshMiddleware',
 'scrapy.downloadermiddlewares.httpcompression.HttpCompressionMiddleware',
 'scrapy.downloadermiddlewares.redirect.RedirectMiddleware',
 'ganji.rotate_useragent.SeleniumMiddleware',
 'scrapy.downloadermiddlewares.cookies.CookiesMiddleware',
 'ganji.rotate_useragent.ProxyMiddleware',
 'scrapy.downloadermiddlewares.httpproxy.HttpProxyMiddleware',
 'scrapy.downloadermiddlewares.stats.DownloaderStats']
2019-09-03 17:00:57 [scrapy.middleware] INFO: Enabled spider middlewares:
['scrapy.spidermiddlewares.httperror.HttpErrorMiddleware',
 'scrapy.spidermiddlewares.offsite.OffsiteMiddleware',
 'scrapy.spidermiddlewares.referer.RefererMiddleware',
 'scrapy.spidermiddlewares.urllength.UrlLengthMiddleware',
 'scrapy.spidermiddlewares.depth.DepthMiddleware']
2019-09-03 17:00:58 [twisted] CRITICAL: Unhandled error in Deferred:
2019-09-03 17:00:58 [twisted] CRITICAL: 
Traceback (most recent call last):
  File "/Users/cagey/.virtualenvs/zt_scrapy/lib/python3.6/site-packages/twisted/internet/defer.py", line 1418, in _inlineCallbacks
    result = g.send(result)
  File "/Users/cagey/.virtualenvs/zt_scrapy/lib/python3.6/site-packages/scrapy/crawler.py", line 86, in crawl
    self.engine = self._create_engine()
  File "/Users/cagey/.virtualenvs/zt_scrapy/lib/python3.6/site-packages/scrapy/crawler.py", line 111, in _create_engine
    return ExecutionEngine(self, lambda _: self.stop())
  File "/Users/cagey/.virtualenvs/zt_scrapy/lib/python3.6/site-packages/scrapy/core/engine.py", line 70, in __init__
    self.scraper = Scraper(crawler)
  File "/Users/cagey/.virtualenvs/zt_scrapy/lib/python3.6/site-packages/scrapy/core/scraper.py", line 71, in __init__
    self.itemproc = itemproc_cls.from_crawler(crawler)
  File "/Users/cagey/.virtualenvs/zt_scrapy/lib/python3.6/site-packages/scrapy/middleware.py", line 53, in from_crawler
    return cls.from_settings(crawler.settings, crawler)
  File "/Users/cagey/.virtualenvs/zt_scrapy/lib/python3.6/site-packages/scrapy/middleware.py", line 35, in from_settings
    mw = create_instance(mwcls, settings, crawler)
  File "/Users/cagey/.virtualenvs/zt_scrapy/lib/python3.6/site-packages/scrapy/utils/misc.py", line 146, in create_instance
    return objcls(*args, **kwargs)
  File "/Users/cagey/PycharmProjects/zt_scrapy/projects/usedcar_distributed/ganji/pipelines.py", line 38, in __init__
    num = (int(settings['CrawlCar_Num']) + self.collection.count()) * 1.1
TypeError: int() argument must be a string, a bytes-like object or a number, not 'NoneType'
2019-09-03 17:01:47 [scrapy.extensions.telnet] INFO: Telnet Password: 2c143896ece56ba1
2019-09-03 17:01:47 [scrapy.middleware] INFO: Enabled extensions:
['scrapy.extensions.corestats.CoreStats',
 'scrapy.extensions.telnet.TelnetConsole',
 'scrapy.extensions.memusage.MemoryUsage',
 'scrapy.extensions.logstats.LogStats',
 'ganji.extensions.RedisSpiderSmartIdleClosedExensions']
2019-09-03 17:01:47 [carsupai] INFO: Reading start URLs from redis key 'carsupai' (batch size: 1, encoding: utf-8
2019-09-03 17:01:47 [scrapy.middleware] INFO: Enabled downloader middlewares:
['scrapy.downloadermiddlewares.httpauth.HttpAuthMiddleware',
 'scrapy.downloadermiddlewares.downloadtimeout.DownloadTimeoutMiddleware',
 'scrapy.downloadermiddlewares.defaultheaders.DefaultHeadersMiddleware',
 'scrapy.downloadermiddlewares.retry.RetryMiddleware',
 'scrapy.downloadermiddlewares.redirect.MetaRefreshMiddleware',
 'scrapy.downloadermiddlewares.httpcompression.HttpCompressionMiddleware',
 'scrapy.downloadermiddlewares.redirect.RedirectMiddleware',
 'ganji.rotate_useragent.SeleniumMiddleware',
 'scrapy.downloadermiddlewares.cookies.CookiesMiddleware',
 'ganji.rotate_useragent.ProxyMiddleware',
 'scrapy.downloadermiddlewares.httpproxy.HttpProxyMiddleware',
 'scrapy.downloadermiddlewares.stats.DownloaderStats']
2019-09-03 17:01:47 [scrapy.middleware] INFO: Enabled spider middlewares:
['scrapy.spidermiddlewares.httperror.HttpErrorMiddleware',
 'scrapy.spidermiddlewares.offsite.OffsiteMiddleware',
 'scrapy.spidermiddlewares.referer.RefererMiddleware',
 'scrapy.spidermiddlewares.urllength.UrlLengthMiddleware',
 'scrapy.spidermiddlewares.depth.DepthMiddleware']
2019-09-03 17:01:48 [twisted] CRITICAL: Unhandled error in Deferred:
2019-09-03 17:01:48 [twisted] CRITICAL: 
Traceback (most recent call last):
  File "/Users/cagey/.virtualenvs/zt_scrapy/lib/python3.6/site-packages/twisted/internet/defer.py", line 1418, in _inlineCallbacks
    result = g.send(result)
  File "/Users/cagey/.virtualenvs/zt_scrapy/lib/python3.6/site-packages/scrapy/crawler.py", line 86, in crawl
    self.engine = self._create_engine()
  File "/Users/cagey/.virtualenvs/zt_scrapy/lib/python3.6/site-packages/scrapy/crawler.py", line 111, in _create_engine
    return ExecutionEngine(self, lambda _: self.stop())
  File "/Users/cagey/.virtualenvs/zt_scrapy/lib/python3.6/site-packages/scrapy/core/engine.py", line 70, in __init__
    self.scraper = Scraper(crawler)
  File "/Users/cagey/.virtualenvs/zt_scrapy/lib/python3.6/site-packages/scrapy/core/scraper.py", line 71, in __init__
    self.itemproc = itemproc_cls.from_crawler(crawler)
  File "/Users/cagey/.virtualenvs/zt_scrapy/lib/python3.6/site-packages/scrapy/middleware.py", line 53, in from_crawler
    return cls.from_settings(crawler.settings, crawler)
  File "/Users/cagey/.virtualenvs/zt_scrapy/lib/python3.6/site-packages/scrapy/middleware.py", line 35, in from_settings
    mw = create_instance(mwcls, settings, crawler)
  File "/Users/cagey/.virtualenvs/zt_scrapy/lib/python3.6/site-packages/scrapy/utils/misc.py", line 146, in create_instance
    return objcls(*args, **kwargs)
  File "/Users/cagey/PycharmProjects/zt_scrapy/projects/usedcar_distributed/ganji/pipelines.py", line 38, in __init__
    num = (int(settings['CrawlCar_Num']) + self.collection.count()) * 1.1
TypeError: int() argument must be a string, a bytes-like object or a number, not 'NoneType'
2019-09-03 17:01:55 [scrapy.extensions.telnet] INFO: Telnet Password: 6e4c757052eac340
2019-09-03 17:01:55 [scrapy.middleware] INFO: Enabled extensions:
['scrapy.extensions.corestats.CoreStats',
 'scrapy.extensions.telnet.TelnetConsole',
 'scrapy.extensions.memusage.MemoryUsage',
 'scrapy.extensions.logstats.LogStats',
 'ganji.extensions.RedisSpiderSmartIdleClosedExensions']
2019-09-03 17:01:55 [carsupai] INFO: Reading start URLs from redis key 'carsupai' (batch size: 1, encoding: utf-8
2019-09-03 17:01:55 [scrapy.middleware] INFO: Enabled downloader middlewares:
['scrapy.downloadermiddlewares.httpauth.HttpAuthMiddleware',
 'scrapy.downloadermiddlewares.downloadtimeout.DownloadTimeoutMiddleware',
 'scrapy.downloadermiddlewares.defaultheaders.DefaultHeadersMiddleware',
 'scrapy.downloadermiddlewares.retry.RetryMiddleware',
 'scrapy.downloadermiddlewares.redirect.MetaRefreshMiddleware',
 'scrapy.downloadermiddlewares.httpcompression.HttpCompressionMiddleware',
 'scrapy.downloadermiddlewares.redirect.RedirectMiddleware',
 'ganji.rotate_useragent.SeleniumMiddleware',
 'scrapy.downloadermiddlewares.cookies.CookiesMiddleware',
 'ganji.rotate_useragent.ProxyMiddleware',
 'scrapy.downloadermiddlewares.httpproxy.HttpProxyMiddleware',
 'scrapy.downloadermiddlewares.stats.DownloaderStats']
2019-09-03 17:01:55 [scrapy.middleware] INFO: Enabled spider middlewares:
['scrapy.spidermiddlewares.httperror.HttpErrorMiddleware',
 'scrapy.spidermiddlewares.offsite.OffsiteMiddleware',
 'scrapy.spidermiddlewares.referer.RefererMiddleware',
 'scrapy.spidermiddlewares.urllength.UrlLengthMiddleware',
 'scrapy.spidermiddlewares.depth.DepthMiddleware']
2019-09-03 17:03:19 [scrapy.crawler] INFO: Received SIGINT, shutting down gracefully. Send again to force 
2019-09-03 17:03:20 [scrapy.crawler] INFO: Received SIGINT twice, forcing unclean shutdown
