2018-05-14 10:00:04 [scrapy.middleware] INFO: Enabled extensions:
['scrapy.extensions.corestats.CoreStats',
 'scrapy.extensions.telnet.TelnetConsole',
 'scrapy.extensions.memusage.MemoryUsage',
 'scrapy.extensions.logstats.LogStats',
 'ganji.extensions.RedisSpiderSmartIdleClosedExensions']
2018-05-14 10:00:04 [renrenche] INFO: Reading start URLs from redis key 'renrenche' (batch size: 8, encoding: utf-8
2018-05-14 10:00:04 [scrapy.middleware] INFO: Enabled downloader middlewares:
['scrapy.downloadermiddlewares.httpauth.HttpAuthMiddleware',
 'scrapy.downloadermiddlewares.downloadtimeout.DownloadTimeoutMiddleware',
 'scrapy.downloadermiddlewares.defaultheaders.DefaultHeadersMiddleware',
 'scrapy.downloadermiddlewares.retry.RetryMiddleware',
 'scrapy.downloadermiddlewares.redirect.MetaRefreshMiddleware',
 'scrapy.downloadermiddlewares.httpcompression.HttpCompressionMiddleware',
 'scrapy.downloadermiddlewares.redirect.RedirectMiddleware',
 'ganji.rotate_useragent.SeleniumMiddleware',
 'scrapy.downloadermiddlewares.cookies.CookiesMiddleware',
 'ganji.rotate_useragent.ProxyMiddleware',
 'scrapy.downloadermiddlewares.httpproxy.HttpProxyMiddleware',
 'scrapy.downloadermiddlewares.stats.DownloaderStats']
2018-05-14 10:00:04 [scrapy.middleware] INFO: Enabled spider middlewares:
['scrapy.spidermiddlewares.httperror.HttpErrorMiddleware',
 'scrapy.spidermiddlewares.offsite.OffsiteMiddleware',
 'scrapy.spidermiddlewares.referer.RefererMiddleware',
 'scrapy.spidermiddlewares.urllength.UrlLengthMiddleware',
 'scrapy.spidermiddlewares.depth.DepthMiddleware']
2018-05-15 02:29:45 [scrapy.middleware] INFO: Enabled item pipelines:
['ganji.pipelines.GanjiPipeline']
2018-05-15 02:29:45 [scrapy.core.engine] INFO: Spider opened
2018-05-15 02:29:45 [scrapy.extensions.logstats] INFO: Crawled 0 pages (at 0 pages/min), scraped 0 items (at 0 items/min)
2018-05-15 02:29:45 [ganji.extensions] INFO: opened spider renrenche redis spider Idle, Continuous idle limit： 360
2018-05-15 02:30:45 [scrapy.extensions.logstats] INFO: Crawled 0 pages (at 0 pages/min), scraped 0 items (at 0 items/min)
2018-05-15 02:31:00 [scrapy.core.scraper] ERROR: Error downloading <GET https://www.renrenche.com/sh/ershouche/>
Traceback (most recent call last):
  File "/root/.virtualenvs/spider_py3/lib/python3.6/site-packages/twisted/internet/defer.py", line 1384, in _inlineCallbacks
    result = result.throwExceptionIntoGenerator(g)
  File "/root/.virtualenvs/spider_py3/lib/python3.6/site-packages/twisted/python/failure.py", line 408, in throwExceptionIntoGenerator
    return g.throw(self.type, self.value, self.tb)
  File "/root/.virtualenvs/spider_py3/lib/python3.6/site-packages/scrapy/core/downloader/middleware.py", line 43, in process_request
    defer.returnValue((yield download_func(request=request,spider=spider)))
  File "/root/.virtualenvs/spider_py3/lib/python3.6/site-packages/twisted/internet/defer.py", line 653, in _runCallbacks
    current.result = callback(current.result, *args, **kw)
  File "/root/.virtualenvs/spider_py3/lib/python3.6/site-packages/scrapy/core/downloader/handlers/http11.py", line 351, in _cb_timeout
    raise TimeoutError("Getting %s took longer than %s seconds." % (url, timeout))
twisted.internet.error.TimeoutError: User timeout caused connection failure: Getting https://www.renrenche.com/sh/ershouche/ took longer than 8 seconds..
2018-05-15 02:31:45 [scrapy.extensions.logstats] INFO: Crawled 0 pages (at 0 pages/min), scraped 0 items (at 0 items/min)
2018-05-15 02:32:45 [scrapy.extensions.logstats] INFO: Crawled 0 pages (at 0 pages/min), scraped 0 items (at 0 items/min)
2018-05-15 02:33:45 [scrapy.extensions.logstats] INFO: Crawled 0 pages (at 0 pages/min), scraped 0 items (at 0 items/min)
2018-05-15 02:34:45 [scrapy.extensions.logstats] INFO: Crawled 0 pages (at 0 pages/min), scraped 0 items (at 0 items/min)
2018-05-15 02:35:45 [scrapy.extensions.logstats] INFO: Crawled 0 pages (at 0 pages/min), scraped 0 items (at 0 items/min)
2018-05-15 02:36:45 [scrapy.extensions.logstats] INFO: Crawled 0 pages (at 0 pages/min), scraped 0 items (at 0 items/min)
2018-05-15 02:37:45 [scrapy.extensions.logstats] INFO: Crawled 0 pages (at 0 pages/min), scraped 0 items (at 0 items/min)
2018-05-15 02:38:45 [scrapy.extensions.logstats] INFO: Crawled 0 pages (at 0 pages/min), scraped 0 items (at 0 items/min)
2018-05-15 02:39:45 [scrapy.extensions.logstats] INFO: Crawled 0 pages (at 0 pages/min), scraped 0 items (at 0 items/min)
2018-05-15 02:40:45 [scrapy.extensions.logstats] INFO: Crawled 0 pages (at 0 pages/min), scraped 0 items (at 0 items/min)
2018-05-15 02:41:45 [scrapy.extensions.logstats] INFO: Crawled 0 pages (at 0 pages/min), scraped 0 items (at 0 items/min)
2018-05-15 02:42:45 [scrapy.extensions.logstats] INFO: Crawled 0 pages (at 0 pages/min), scraped 0 items (at 0 items/min)
2018-05-15 02:43:45 [scrapy.extensions.logstats] INFO: Crawled 0 pages (at 0 pages/min), scraped 0 items (at 0 items/min)
2018-05-15 02:44:45 [scrapy.extensions.logstats] INFO: Crawled 0 pages (at 0 pages/min), scraped 0 items (at 0 items/min)
2018-05-15 02:45:45 [scrapy.extensions.logstats] INFO: Crawled 0 pages (at 0 pages/min), scraped 0 items (at 0 items/min)
2018-05-15 02:46:45 [scrapy.extensions.logstats] INFO: Crawled 0 pages (at 0 pages/min), scraped 0 items (at 0 items/min)
2018-05-15 02:47:45 [scrapy.extensions.logstats] INFO: Crawled 0 pages (at 0 pages/min), scraped 0 items (at 0 items/min)
2018-05-15 02:48:45 [scrapy.extensions.logstats] INFO: Crawled 0 pages (at 0 pages/min), scraped 0 items (at 0 items/min)
2018-05-15 02:49:45 [scrapy.extensions.logstats] INFO: Crawled 0 pages (at 0 pages/min), scraped 0 items (at 0 items/min)
2018-05-15 02:50:45 [scrapy.extensions.logstats] INFO: Crawled 0 pages (at 0 pages/min), scraped 0 items (at 0 items/min)
2018-05-15 02:51:45 [scrapy.extensions.logstats] INFO: Crawled 0 pages (at 0 pages/min), scraped 0 items (at 0 items/min)
2018-05-15 02:52:45 [scrapy.extensions.logstats] INFO: Crawled 0 pages (at 0 pages/min), scraped 0 items (at 0 items/min)
2018-05-15 02:53:45 [scrapy.extensions.logstats] INFO: Crawled 0 pages (at 0 pages/min), scraped 0 items (at 0 items/min)
2018-05-15 02:54:45 [scrapy.extensions.logstats] INFO: Crawled 0 pages (at 0 pages/min), scraped 0 items (at 0 items/min)
2018-05-15 02:55:45 [scrapy.extensions.logstats] INFO: Crawled 0 pages (at 0 pages/min), scraped 0 items (at 0 items/min)
2018-05-15 02:56:45 [scrapy.extensions.logstats] INFO: Crawled 0 pages (at 0 pages/min), scraped 0 items (at 0 items/min)
2018-05-15 02:57:45 [scrapy.extensions.logstats] INFO: Crawled 0 pages (at 0 pages/min), scraped 0 items (at 0 items/min)
2018-05-15 02:58:45 [scrapy.extensions.logstats] INFO: Crawled 0 pages (at 0 pages/min), scraped 0 items (at 0 items/min)
2018-05-15 02:59:45 [scrapy.extensions.logstats] INFO: Crawled 0 pages (at 0 pages/min), scraped 0 items (at 0 items/min)
2018-05-15 03:00:45 [scrapy.extensions.logstats] INFO: Crawled 0 pages (at 0 pages/min), scraped 0 items (at 0 items/min)
2018-05-15 03:00:55 [ganji.extensions] INFO: 
 continued idle number exceed 360 Times
 meet the idle shutdown conditions, will close the reptile operation
 idle start time: 1526322660.3441584,  close spider time: 1526322660.3441584
2018-05-15 03:00:55 [scrapy.core.engine] INFO: Closing spider (closespider_pagecount)
2018-05-15 03:00:57 [ganji.extensions] INFO: closed spider renrenche, idle count 361 , Continuous idle count 361
2018-05-15 03:00:57 [scrapy.statscollectors] INFO: Dumping Scrapy stats:
{'downloader/exception_count': 9,
 'downloader/exception_type_count/twisted.internet.error.TimeoutError': 9,
 'downloader/request_bytes': 4216,
 'downloader/request_count': 10,
 'downloader/request_method_count/GET': 10,
 'downloader/response_bytes': 1203,
 'downloader/response_count': 1,
 'downloader/response_status_count/301': 1,
 'finish_reason': 'closespider_pagecount',
 'finish_time': datetime.datetime(2018, 5, 14, 19, 0, 57, 214999),
 'log_count/ERROR': 1,
 'log_count/INFO': 42,
 'memusage/max': 113004544,
 'memusage/startup': 113004544,
 'retry/count': 8,
 'retry/max_reached': 1,
 'retry/reason_count/twisted.internet.error.TimeoutError': 8,
 'scheduler/dequeued/redis': 10,
 'scheduler/enqueued/redis': 10,
 'start_time': datetime.datetime(2018, 5, 14, 18, 29, 45, 774509)}
2018-05-15 03:00:57 [scrapy.core.engine] INFO: Spider closed (closespider_pagecount)
2018-05-15 03:01:01 [scrapy.mail] INFO: Mail sent OK: To=['1573480512@qq.com'] Cc=[] Subject="renrenche" Attachs=0
